<?xml version="1.0" encoding="UTF-8"?>
<coverage generated="1692731092880" clover="3.2.0">
  <project timestamp="1692731092880" name="All files">
    <metrics statements="134" coveredstatements="83" conditionals="66" coveredconditionals="38" methods="36" coveredmethods="23" elements="236" coveredelements="144" complexity="0" loc="134" ncloc="134" packages="6" files="7" classes="7"/>
    <package name="src">
      <metrics statements="64" coveredstatements="20" conditionals="20" coveredconditionals="0" methods="13" coveredmethods="0"/>
      <file name="data.js" path="C:\Users\Windows-10C\Desktop\STETHO\my-react-app\src\data.js">
        <metrics statements="64" coveredstatements="20" conditionals="20" coveredconditionals="0" methods="13" coveredmethods="0"/>
        <line num="29" count="1" type="stmt"/>
        <line num="30" count="0" type="stmt"/>
        <line num="31" count="0" type="stmt"/>
        <line num="32" count="0" type="stmt"/>
        <line num="36" count="0" type="cond" truecount="0" falsecount="2"/>
        <line num="38" count="0" type="stmt"/>
        <line num="39" count="0" type="stmt"/>
        <line num="44" count="1" type="stmt"/>
        <line num="45" count="0" type="stmt"/>
        <line num="46" count="0" type="stmt"/>
        <line num="47" count="0" type="stmt"/>
        <line num="52" count="0" type="stmt"/>
        <line num="54" count="0" type="stmt"/>
        <line num="56" count="0" type="stmt"/>
        <line num="57" count="0" type="stmt"/>
        <line num="63" count="0" type="stmt"/>
        <line num="67" count="1" type="stmt"/>
        <line num="68" count="0" type="stmt"/>
        <line num="69" count="0" type="stmt"/>
        <line num="70" count="0" type="stmt"/>
        <line num="72" count="0" type="cond" truecount="0" falsecount="2"/>
        <line num="73" count="0" type="stmt"/>
        <line num="78" count="0" type="stmt"/>
        <line num="81" count="0" type="stmt"/>
        <line num="86" count="1" type="stmt"/>
        <line num="87" count="0" type="cond" truecount="0" falsecount="2"/>
        <line num="88" count="0" type="stmt"/>
        <line num="91" count="0" type="cond" truecount="0" falsecount="4"/>
        <line num="92" count="0" type="stmt"/>
        <line num="95" count="0" type="stmt"/>
        <line num="96" count="0" type="cond" truecount="0" falsecount="2"/>
        <line num="97" count="0" type="cond" truecount="0" falsecount="2"/>
        <line num="98" count="0" type="stmt"/>
        <line num="101" count="0" type="stmt"/>
        <line num="104" count="0" type="stmt"/>
        <line num="108" count="1" type="stmt"/>
        <line num="109" count="0" type="stmt"/>
        <line num="111" count="0" type="cond" truecount="0" falsecount="2"/>
        <line num="112" count="0" type="stmt"/>
        <line num="115" count="0" type="stmt"/>
        <line num="116" count="0" type="stmt"/>
        <line num="117" count="0" type="stmt"/>
        <line num="119" count="0" type="stmt"/>
        <line num="121" count="0" type="cond" truecount="0" falsecount="2"/>
        <line num="122" count="0" type="stmt"/>
        <line num="125" count="0" type="stmt"/>
        <line num="127" count="0" type="cond" truecount="0" falsecount="2"/>
        <line num="128" count="0" type="stmt"/>
        <line num="131" count="0" type="stmt"/>
        <line num="137" count="1" type="stmt"/>
        <line num="139" count="1" type="stmt"/>
        <line num="141" count="1" type="stmt"/>
        <line num="143" count="1" type="stmt"/>
        <line num="187" count="1" type="stmt"/>
        <line num="202" count="1" type="stmt"/>
        <line num="250" count="1" type="stmt"/>
        <line num="283" count="1" type="stmt"/>
        <line num="307" count="1" type="stmt"/>
        <line num="337" count="1" type="stmt"/>
        <line num="347" count="1" type="stmt"/>
        <line num="368" count="1" type="stmt"/>
        <line num="401" count="1" type="stmt"/>
        <line num="417" count="1" type="stmt"/>
        <line num="450" count="1" type="stmt"/>
      </file>
    </package>
    <package name="src.common.Accordion">
      <metrics statements="8" coveredstatements="8" conditionals="4" coveredconditionals="4" methods="6" coveredmethods="6"/>
      <file name="Accordion.jsx" path="C:\Users\Windows-10C\Desktop\STETHO\my-react-app\src\common\Accordion\Accordion.jsx">
        <metrics statements="3" coveredstatements="3" conditionals="0" coveredconditionals="0" methods="2" coveredmethods="2"/>
        <line num="5" count="1" type="stmt"/>
        <line num="7" count="2" type="stmt"/>
        <line num="11" count="6" type="stmt"/>
      </file>
      <file name="AccordionItem.jsx" path="C:\Users\Windows-10C\Desktop\STETHO\my-react-app\src\common\Accordion\AccordionItem.jsx">
        <metrics statements="5" coveredstatements="5" conditionals="4" coveredconditionals="4" methods="4" coveredmethods="4"/>
        <line num="3" count="2" type="stmt"/>
        <line num="4" count="10" type="stmt"/>
        <line num="6" count="10" type="stmt"/>
        <line num="8" count="2" type="stmt"/>
        <line num="15" count="44" type="stmt"/>
      </file>
    </package>
    <package name="src.common.HeaderLayout">
      <metrics statements="6" coveredstatements="6" conditionals="4" coveredconditionals="4" methods="1" coveredmethods="1"/>
      <file name="HeaderLayout.jsx" path="C:\Users\Windows-10C\Desktop\STETHO\my-react-app\src\common\HeaderLayout\HeaderLayout.jsx">
        <metrics statements="6" coveredstatements="6" conditionals="4" coveredconditionals="4" methods="1" coveredmethods="1"/>
        <line num="5" count="1" type="stmt"/>
        <line num="6" count="3" type="stmt"/>
        <line num="7" count="3" type="stmt"/>
        <line num="9" count="3" type="cond" truecount="2" falsecount="0"/>
        <line num="10" count="2" type="cond" truecount="2" falsecount="0"/>
        <line num="12" count="3" type="stmt"/>
      </file>
    </package>
    <package name="src.common.HelpBlock">
      <metrics statements="2" coveredstatements="2" conditionals="0" coveredconditionals="0" methods="1" coveredmethods="1"/>
      <file name="HelpBlock.jsx" path="C:\Users\Windows-10C\Desktop\STETHO\my-react-app\src\common\HelpBlock\HelpBlock.jsx">
        <metrics statements="2" coveredstatements="2" conditionals="0" coveredconditionals="0" methods="1" coveredmethods="1"/>
        <line num="5" count="1" type="stmt"/>
        <line num="6" count="2" type="stmt"/>
      </file>
    </package>
    <package name="src.components.ContactUs">
      <metrics statements="45" coveredstatements="38" conditionals="34" coveredconditionals="27" methods="10" coveredmethods="10"/>
      <file name="ContactUs.jsx" path="C:\Users\Windows-10C\Desktop\STETHO\my-react-app\src\components\ContactUs\ContactUs.jsx">
        <metrics statements="45" coveredstatements="38" conditionals="34" coveredconditionals="27" methods="10" coveredmethods="10"/>
        <line num="4" count="1" type="stmt"/>
        <line num="5" count="94" type="stmt"/>
        <line num="15" count="94" type="stmt"/>
        <line num="17" count="94" type="stmt"/>
        <line num="18" count="28" type="cond" truecount="6" falsecount="0"/>
        <line num="20" count="4" type="cond" truecount="2" falsecount="0"/>
        <line num="21" count="3" type="stmt"/>
        <line num="23" count="1" type="cond" truecount="1" falsecount="1"/>
        <line num="24" count="1" type="stmt"/>
        <line num="26" count="0" type="stmt"/>
        <line num="28" count="4" type="cond" truecount="2" falsecount="0"/>
        <line num="29" count="3" type="stmt"/>
        <line num="31" count="1" type="cond" truecount="1" falsecount="1"/>
        <line num="32" count="1" type="stmt"/>
        <line num="34" count="0" type="stmt"/>
        <line num="36" count="4" type="cond" truecount="1" falsecount="1"/>
        <line num="37" count="4" type="stmt"/>
        <line num="38" count="0" type="cond" truecount="0" falsecount="2"/>
        <line num="39" count="0" type="stmt"/>
        <line num="41" count="0" type="stmt"/>
        <line num="43" count="4" type="cond" truecount="2" falsecount="0"/>
        <line num="44" count="3" type="stmt"/>
        <line num="45" count="1" type="cond" truecount="1" falsecount="1"/>
        <line num="46" count="1" type="stmt"/>
        <line num="48" count="0" type="stmt"/>
        <line num="50" count="4" type="cond" truecount="1" falsecount="1"/>
        <line num="51" count="4" type="stmt"/>
        <line num="53" count="0" type="stmt"/>
        <line num="55" count="8" type="stmt"/>
        <line num="57" count="8" type="stmt"/>
        <line num="60" count="94" type="stmt"/>
        <line num="61" count="4" type="stmt"/>
        <line num="63" count="4" type="stmt"/>
        <line num="65" count="4" type="stmt"/>
        <line num="66" count="28" type="stmt"/>
        <line num="69" count="4" type="stmt"/>
        <line num="70" count="4" type="stmt"/>
        <line num="75" count="94" type="stmt"/>
        <line num="91" count="7" type="stmt"/>
        <line num="103" count="11" type="stmt"/>
        <line num="115" count="16" type="stmt"/>
        <line num="127" count="22" type="stmt"/>
        <line num="139" count="5" type="stmt"/>
        <line num="150" count="5" type="stmt"/>
        <line num="160" count="12" type="stmt"/>
      </file>
    </package>
    <package name="src.components.FaqLayout">
      <metrics statements="9" coveredstatements="9" conditionals="4" coveredconditionals="3" methods="5" coveredmethods="5"/>
      <file name="FaqLayout.jsx" path="C:\Users\Windows-10C\Desktop\STETHO\my-react-app\src\components\FaqLayout\FaqLayout.jsx">
        <metrics statements="9" coveredstatements="9" conditionals="4" coveredconditionals="3" methods="5" coveredmethods="5"/>
        <line num="8" count="1" type="stmt"/>
        <line num="9" count="2" type="stmt"/>
        <line num="10" count="3" type="stmt"/>
        <line num="12" count="2" type="stmt"/>
        <line num="18" count="10" type="cond" truecount="1" falsecount="1"/>
        <line num="19" count="10" type="stmt"/>
        <line num="22" count="10" type="stmt"/>
        <line num="24" count="10" type="stmt"/>
        <line num="27" count="1" type="stmt"/>
      </file>
    </package>
  </project>
</coverage>
