{"C:\\Users\\Windows-10C\\Desktop\\STETHO\\my-react-app\\src\\data.js": {"path":"C:\\Users\\Windows-10C\\Desktop\\STETHO\\my-react-app\\src\\data.js","statementMap":{"0":{"start":{"line":29,"column":24},"end":{"line":41,"column":1}},"1":{"start":{"line":30,"column":4},"end":{"line":40,"column":5}},"2":{"start":{"line":31,"column":30},"end":{"line":31,"column":75}},"3":{"start":{"line":32,"column":24},"end":{"line":35,"column":11}},"4":{"start":{"line":32,"column":55},"end":{"line":35,"column":9}},"5":{"start":{"line":36,"column":8},"end":{"line":36,"column":65}},"6":{"start":{"line":36,"column":41},"end":{"line":36,"column":54}},"7":{"start":{"line":38,"column":8},"end":{"line":38,"column":26}},"8":{"start":{"line":39,"column":8},"end":{"line":39,"column":19}},"9":{"start":{"line":44,"column":30},"end":{"line":59,"column":1}},"10":{"start":{"line":45,"column":4},"end":{"line":58,"column":5}},"11":{"start":{"line":46,"column":30},"end":{"line":46,"column":75}},"12":{"start":{"line":47,"column":24},"end":{"line":50,"column":11}},"13":{"start":{"line":47,"column":55},"end":{"line":50,"column":9}},"14":{"start":{"line":52,"column":30},"end":{"line":52,"column":110}},"15":{"start":{"line":52,"column":53},"end":{"line":52,"column":109}},"16":{"start":{"line":54,"column":8},"end":{"line":54,"column":29}},"17":{"start":{"line":56,"column":8},"end":{"line":56,"column":51}},"18":{"start":{"line":57,"column":8},"end":{"line":57,"column":20}},"19":{"start":{"line":63,"column":4},"end":{"line":63,"column":61}},"20":{"start":{"line":63,"column":34},"end":{"line":63,"column":59}},"21":{"start":{"line":67,"column":29},"end":{"line":83,"column":1}},"22":{"start":{"line":68,"column":4},"end":{"line":82,"column":5}},"23":{"start":{"line":69,"column":23},"end":{"line":69,"column":50}},"24":{"start":{"line":70,"column":29},"end":{"line":70,"column":49}},"25":{"start":{"line":72,"column":8},"end":{"line":79,"column":9}},"26":{"start":{"line":73,"column":12},"end":{"line":76,"column":14}},"27":{"start":{"line":78,"column":12},"end":{"line":78,"column":92}},"28":{"start":{"line":81,"column":8},"end":{"line":81,"column":20}},"29":{"start":{"line":86,"column":30},"end":{"line":106,"column":1}},"30":{"start":{"line":87,"column":4},"end":{"line":89,"column":5}},"31":{"start":{"line":88,"column":8},"end":{"line":88,"column":64}},"32":{"start":{"line":91,"column":4},"end":{"line":93,"column":5}},"33":{"start":{"line":92,"column":8},"end":{"line":92,"column":94}},"34":{"start":{"line":95,"column":4},"end":{"line":105,"column":10}},"35":{"start":{"line":96,"column":8},"end":{"line":102,"column":9}},"36":{"start":{"line":97,"column":12},"end":{"line":99,"column":13}},"37":{"start":{"line":98,"column":16},"end":{"line":98,"column":36}},"38":{"start":{"line":101,"column":12},"end":{"line":101,"column":84}},"39":{"start":{"line":104,"column":8},"end":{"line":104,"column":18}},"40":{"start":{"line":108,"column":30},"end":{"line":132,"column":1}},"41":{"start":{"line":109,"column":22},"end":{"line":109,"column":39}},"42":{"start":{"line":111,"column":4},"end":{"line":113,"column":5}},"43":{"start":{"line":112,"column":8},"end":{"line":112,"column":70}},"44":{"start":{"line":115,"column":16},"end":{"line":115,"column":28}},"45":{"start":{"line":116,"column":18},"end":{"line":116,"column":30}},"46":{"start":{"line":117,"column":17},"end":{"line":117,"column":29}},"47":{"start":{"line":119,"column":22},"end":{"line":119,"column":52}},"48":{"start":{"line":121,"column":4},"end":{"line":123,"column":5}},"49":{"start":{"line":122,"column":8},"end":{"line":122,"column":89}},"50":{"start":{"line":125,"column":23},"end":{"line":125,"column":63}},"51":{"start":{"line":125,"column":55},"end":{"line":125,"column":62}},"52":{"start":{"line":127,"column":4},"end":{"line":129,"column":5}},"53":{"start":{"line":128,"column":8},"end":{"line":128,"column":90}},"54":{"start":{"line":131,"column":4},"end":{"line":131,"column":36}},"55":{"start":{"line":137,"column":22},"end":{"line":137,"column":133}},"56":{"start":{"line":139,"column":21},"end":{"line":139,"column":76}},"57":{"start":{"line":141,"column":31},"end":{"line":141,"column":79}},"58":{"start":{"line":143,"column":24},"end":{"line":185,"column":1}},"59":{"start":{"line":187,"column":22},"end":{"line":200,"column":1}},"60":{"start":{"line":202,"column":22},"end":{"line":248,"column":1}},"61":{"start":{"line":250,"column":22},"end":{"line":281,"column":1}},"62":{"start":{"line":283,"column":23},"end":{"line":305,"column":1}},"63":{"start":{"line":307,"column":20},"end":{"line":335,"column":1}},"64":{"start":{"line":337,"column":22},"end":{"line":345,"column":1}},"65":{"start":{"line":347,"column":26},"end":{"line":366,"column":1}},"66":{"start":{"line":368,"column":25},"end":{"line":399,"column":1}},"67":{"start":{"line":401,"column":20},"end":{"line":414,"column":1}},"68":{"start":{"line":417,"column":23},"end":{"line":448,"column":1}},"69":{"start":{"line":450,"column":25},"end":{"line":673,"column":1}}},"fnMap":{"0":{"name":"(anonymous_0)","decl":{"start":{"line":29,"column":24},"end":{"line":29,"column":25}},"loc":{"start":{"line":29,"column":54},"end":{"line":41,"column":1}},"line":29},"1":{"name":"(anonymous_1)","decl":{"start":{"line":32,"column":47},"end":{"line":32,"column":48}},"loc":{"start":{"line":32,"column":55},"end":{"line":35,"column":9}},"line":32},"2":{"name":"(anonymous_2)","decl":{"start":{"line":36,"column":33},"end":{"line":36,"column":34}},"loc":{"start":{"line":36,"column":41},"end":{"line":36,"column":54}},"line":36},"3":{"name":"(anonymous_3)","decl":{"start":{"line":44,"column":30},"end":{"line":44,"column":31}},"loc":{"start":{"line":44,"column":63},"end":{"line":59,"column":1}},"line":44},"4":{"name":"(anonymous_4)","decl":{"start":{"line":47,"column":47},"end":{"line":47,"column":48}},"loc":{"start":{"line":47,"column":55},"end":{"line":50,"column":9}},"line":47},"5":{"name":"(anonymous_5)","decl":{"start":{"line":52,"column":45},"end":{"line":52,"column":46}},"loc":{"start":{"line":52,"column":53},"end":{"line":52,"column":109}},"line":52},"6":{"name":"delay","decl":{"start":{"line":62,"column":16},"end":{"line":62,"column":21}},"loc":{"start":{"line":62,"column":28},"end":{"line":64,"column":1}},"line":62},"7":{"name":"(anonymous_7)","decl":{"start":{"line":63,"column":23},"end":{"line":63,"column":24}},"loc":{"start":{"line":63,"column":34},"end":{"line":63,"column":59}},"line":63},"8":{"name":"(anonymous_8)","decl":{"start":{"line":67,"column":29},"end":{"line":67,"column":30}},"loc":{"start":{"line":67,"column":59},"end":{"line":83,"column":1}},"line":67},"9":{"name":"(anonymous_9)","decl":{"start":{"line":86,"column":30},"end":{"line":86,"column":31}},"loc":{"start":{"line":86,"column":45},"end":{"line":106,"column":1}},"line":86},"10":{"name":"(anonymous_10)","decl":{"start":{"line":95,"column":23},"end":{"line":95,"column":24}},"loc":{"start":{"line":95,"column":38},"end":{"line":105,"column":5}},"line":95},"11":{"name":"(anonymous_11)","decl":{"start":{"line":108,"column":30},"end":{"line":108,"column":31}},"loc":{"start":{"line":108,"column":42},"end":{"line":132,"column":1}},"line":108},"12":{"name":"(anonymous_12)","decl":{"start":{"line":125,"column":48},"end":{"line":125,"column":49}},"loc":{"start":{"line":125,"column":55},"end":{"line":125,"column":62}},"line":125}},"branchMap":{"0":{"loc":{"start":{"line":36,"column":15},"end":{"line":36,"column":65}},"type":"cond-expr","locations":[{"start":{"line":36,"column":20},"end":{"line":36,"column":55}},{"start":{"line":36,"column":58},"end":{"line":36,"column":65}}],"line":36},"1":{"loc":{"start":{"line":72,"column":8},"end":{"line":79,"column":9}},"type":"if","locations":[{"start":{"line":72,"column":8},"end":{"line":79,"column":9}},{"start":{"line":77,"column":15},"end":{"line":79,"column":9}}],"line":72},"2":{"loc":{"start":{"line":87,"column":4},"end":{"line":89,"column":5}},"type":"if","locations":[{"start":{"line":87,"column":4},"end":{"line":89,"column":5}},{"start":{},"end":{}}],"line":87},"3":{"loc":{"start":{"line":91,"column":4},"end":{"line":93,"column":5}},"type":"if","locations":[{"start":{"line":91,"column":4},"end":{"line":93,"column":5}},{"start":{},"end":{}}],"line":91},"4":{"loc":{"start":{"line":91,"column":8},"end":{"line":91,"column":41}},"type":"binary-expr","locations":[{"start":{"line":91,"column":8},"end":{"line":91,"column":13}},{"start":{"line":91,"column":17},"end":{"line":91,"column":41}}],"line":91},"5":{"loc":{"start":{"line":96,"column":8},"end":{"line":102,"column":9}},"type":"if","locations":[{"start":{"line":96,"column":8},"end":{"line":102,"column":9}},{"start":{"line":100,"column":15},"end":{"line":102,"column":9}}],"line":96},"6":{"loc":{"start":{"line":97,"column":12},"end":{"line":99,"column":13}},"type":"if","locations":[{"start":{"line":97,"column":12},"end":{"line":99,"column":13}},{"start":{},"end":{}}],"line":97},"7":{"loc":{"start":{"line":111,"column":4},"end":{"line":113,"column":5}},"type":"if","locations":[{"start":{"line":111,"column":4},"end":{"line":113,"column":5}},{"start":{},"end":{}}],"line":111},"8":{"loc":{"start":{"line":121,"column":4},"end":{"line":123,"column":5}},"type":"if","locations":[{"start":{"line":121,"column":4},"end":{"line":123,"column":5}},{"start":{},"end":{}}],"line":121},"9":{"loc":{"start":{"line":127,"column":4},"end":{"line":129,"column":5}},"type":"if","locations":[{"start":{"line":127,"column":4},"end":{"line":129,"column":5}},{"start":{},"end":{}}],"line":127}},"s":{"0":1,"1":0,"2":0,"3":0,"4":0,"5":0,"6":0,"7":0,"8":0,"9":1,"10":0,"11":0,"12":0,"13":0,"14":0,"15":0,"16":0,"17":0,"18":0,"19":0,"20":0,"21":1,"22":0,"23":0,"24":0,"25":0,"26":0,"27":0,"28":0,"29":1,"30":0,"31":0,"32":0,"33":0,"34":0,"35":0,"36":0,"37":0,"38":0,"39":0,"40":1,"41":0,"42":0,"43":0,"44":0,"45":0,"46":0,"47":0,"48":0,"49":0,"50":0,"51":0,"52":0,"53":0,"54":0,"55":1,"56":1,"57":1,"58":1,"59":1,"60":1,"61":1,"62":1,"63":1,"64":1,"65":1,"66":1,"67":1,"68":1,"69":1},"f":{"0":0,"1":0,"2":0,"3":0,"4":0,"5":0,"6":0,"7":0,"8":0,"9":0,"10":0,"11":0,"12":0},"b":{"0":[0,0],"1":[0,0],"2":[0,0],"3":[0,0],"4":[0,0],"5":[0,0],"6":[0,0],"7":[0,0],"8":[0,0],"9":[0,0]},"_coverageSchema":"1a1c01bbd47fc00a2c39e90264f33305004495a9","hash":"31fea916c8c9a8759d3d5a74c039f9cc42c001a2"}
,"C:\\Users\\Windows-10C\\Desktop\\STETHO\\my-react-app\\src\\common\\Accordion\\Accordion.jsx": {"path":"C:\\Users\\Windows-10C\\Desktop\\STETHO\\my-react-app\\src\\common\\Accordion\\Accordion.jsx","statementMap":{"0":{"start":{"line":5,"column":18},"end":{"line":17,"column":1}},"1":{"start":{"line":7,"column":4},"end":{"line":16,"column":5}},"2":{"start":{"line":11,"column":16},"end":{"line":13,"column":17}}},"fnMap":{"0":{"name":"(anonymous_0)","decl":{"start":{"line":5,"column":18},"end":{"line":5,"column":19}},"loc":{"start":{"line":5,"column":32},"end":{"line":17,"column":1}},"line":5},"1":{"name":"(anonymous_1)","decl":{"start":{"line":10,"column":32},"end":{"line":10,"column":33}},"loc":{"start":{"line":10,"column":49},"end":{"line":14,"column":13}},"line":10}},"branchMap":{},"s":{"0":1,"1":2,"2":6},"f":{"0":2,"1":6},"b":{},"_coverageSchema":"1a1c01bbd47fc00a2c39e90264f33305004495a9","hash":"09e71ea2aebf97ba04e512c932764d3443077114"}
,"C:\\Users\\Windows-10C\\Desktop\\STETHO\\my-react-app\\src\\common\\Accordion\\AccordionItem.jsx": {"path":"C:\\Users\\Windows-10C\\Desktop\\STETHO\\my-react-app\\src\\common\\Accordion\\AccordionItem.jsx","statementMap":{"0":{"start":{"line":3,"column":22},"end":{"line":20,"column":1}},"1":{"start":{"line":4,"column":32},"end":{"line":4,"column":47}},"2":{"start":{"line":6,"column":4},"end":{"line":19,"column":5}},"3":{"start":{"line":8,"column":91},"end":{"line":8,"column":115}},"4":{"start":{"line":8,"column":109},"end":{"line":8,"column":114}},"5":{"start":{"line":15,"column":20},"end":{"line":15,"column":93}}},"fnMap":{"0":{"name":"(anonymous_0)","decl":{"start":{"line":3,"column":22},"end":{"line":3,"column":23}},"loc":{"start":{"line":3,"column":43},"end":{"line":20,"column":1}},"line":3},"1":{"name":"(anonymous_1)","decl":{"start":{"line":8,"column":85},"end":{"line":8,"column":86}},"loc":{"start":{"line":8,"column":91},"end":{"line":8,"column":115}},"line":8},"2":{"name":"(anonymous_2)","decl":{"start":{"line":8,"column":101},"end":{"line":8,"column":102}},"loc":{"start":{"line":8,"column":109},"end":{"line":8,"column":114}},"line":8},"3":{"name":"(anonymous_3)","decl":{"start":{"line":14,"column":34},"end":{"line":14,"column":35}},"loc":{"start":{"line":14,"column":51},"end":{"line":16,"column":17}},"line":14}},"branchMap":{"0":{"loc":{"start":{"line":7,"column":42},"end":{"line":7,"column":58}},"type":"binary-expr","locations":[{"start":{"line":7,"column":42},"end":{"line":7,"column":48}},{"start":{"line":7,"column":52},"end":{"line":7,"column":58}}],"line":7},"1":{"loc":{"start":{"line":10,"column":42},"end":{"line":10,"column":76}},"type":"cond-expr","locations":[{"start":{"line":10,"column":51},"end":{"line":10,"column":59}},{"start":{"line":10,"column":62},"end":{"line":10,"column":76}}],"line":10}},"s":{"0":2,"1":10,"2":10,"3":2,"4":2,"5":44},"f":{"0":10,"1":2,"2":2,"3":44},"b":{"0":[10,1],"1":[1,9]},"_coverageSchema":"1a1c01bbd47fc00a2c39e90264f33305004495a9","hash":"ad7a1f35f5124e6393e9920c1c4b384efb638e36"}
,"C:\\Users\\Windows-10C\\Desktop\\STETHO\\my-react-app\\src\\common\\HeaderLayout\\HeaderLayout.jsx": {"path":"C:\\Users\\Windows-10C\\Desktop\\STETHO\\my-react-app\\src\\common\\HeaderLayout\\HeaderLayout.jsx","statementMap":{"0":{"start":{"line":5,"column":21},"end":{"line":25,"column":1}},"1":{"start":{"line":6,"column":21},"end":{"line":6,"column":34}},"2":{"start":{"line":7,"column":15},"end":{"line":7,"column":46}},"3":{"start":{"line":9,"column":4},"end":{"line":10,"column":53}},"4":{"start":{"line":9,"column":26},"end":{"line":9,"column":48}},"5":{"start":{"line":10,"column":9},"end":{"line":10,"column":53}},"6":{"start":{"line":10,"column":34},"end":{"line":10,"column":53}},"7":{"start":{"line":12,"column":4},"end":{"line":24,"column":5}}},"fnMap":{"0":{"name":"(anonymous_0)","decl":{"start":{"line":5,"column":21},"end":{"line":5,"column":22}},"loc":{"start":{"line":5,"column":27},"end":{"line":25,"column":1}},"line":5}},"branchMap":{"0":{"loc":{"start":{"line":9,"column":4},"end":{"line":10,"column":53}},"type":"if","locations":[{"start":{"line":9,"column":4},"end":{"line":10,"column":53}},{"start":{"line":10,"column":9},"end":{"line":10,"column":53}}],"line":9},"1":{"loc":{"start":{"line":10,"column":9},"end":{"line":10,"column":53}},"type":"if","locations":[{"start":{"line":10,"column":9},"end":{"line":10,"column":53}},{"start":{},"end":{}}],"line":10}},"s":{"0":1,"1":3,"2":3,"3":3,"4":1,"5":2,"6":1,"7":3},"f":{"0":3},"b":{"0":[1,2],"1":[1,1]},"_coverageSchema":"1a1c01bbd47fc00a2c39e90264f33305004495a9","hash":"a43a93970e5b7c0294aecd047fbb5b0b80cecfb6"}
,"C:\\Users\\Windows-10C\\Desktop\\STETHO\\my-react-app\\src\\common\\HelpBlock\\HelpBlock.jsx": {"path":"C:\\Users\\Windows-10C\\Desktop\\STETHO\\my-react-app\\src\\common\\HelpBlock\\HelpBlock.jsx","statementMap":{"0":{"start":{"line":5,"column":18},"end":{"line":13,"column":1}},"1":{"start":{"line":6,"column":4},"end":{"line":12,"column":5}}},"fnMap":{"0":{"name":"(anonymous_0)","decl":{"start":{"line":5,"column":18},"end":{"line":5,"column":19}},"loc":{"start":{"line":5,"column":24},"end":{"line":13,"column":1}},"line":5}},"branchMap":{},"s":{"0":1,"1":2},"f":{"0":2},"b":{},"_coverageSchema":"1a1c01bbd47fc00a2c39e90264f33305004495a9","hash":"a5b255ff99a21b29c6b8b03b86306cf7954d68a5"}
,"C:\\Users\\Windows-10C\\Desktop\\STETHO\\my-react-app\\src\\components\\ContactUs\\ContactUs.jsx": {"path":"C:\\Users\\Windows-10C\\Desktop\\STETHO\\my-react-app\\src\\components\\ContactUs\\ContactUs.jsx","statementMap":{"0":{"start":{"line":4,"column":18},"end":{"line":193,"column":1}},"1":{"start":{"line":5,"column":36},"end":{"line":13,"column":6}},"2":{"start":{"line":15,"column":38},"end":{"line":15,"column":50}},"3":{"start":{"line":17,"column":26},"end":{"line":58,"column":5}},"4":{"start":{"line":18,"column":8},"end":{"line":56,"column":9}},"5":{"start":{"line":20,"column":16},"end":{"line":22,"column":17}},"6":{"start":{"line":21,"column":20},"end":{"line":21,"column":52}},"7":{"start":{"line":23,"column":16},"end":{"line":25,"column":17}},"8":{"start":{"line":24,"column":20},"end":{"line":24,"column":69}},"9":{"start":{"line":26,"column":16},"end":{"line":26,"column":22}},"10":{"start":{"line":28,"column":16},"end":{"line":30,"column":17}},"11":{"start":{"line":29,"column":20},"end":{"line":29,"column":52}},"12":{"start":{"line":31,"column":16},"end":{"line":33,"column":17}},"13":{"start":{"line":32,"column":20},"end":{"line":32,"column":68}},"14":{"start":{"line":34,"column":16},"end":{"line":34,"column":22}},"15":{"start":{"line":36,"column":16},"end":{"line":40,"column":17}},"16":{"start":{"line":37,"column":20},"end":{"line":37,"column":52}},"17":{"start":{"line":38,"column":23},"end":{"line":40,"column":17}},"18":{"start":{"line":39,"column":20},"end":{"line":39,"column":50}},"19":{"start":{"line":41,"column":16},"end":{"line":41,"column":22}},"20":{"start":{"line":43,"column":16},"end":{"line":47,"column":17}},"21":{"start":{"line":44,"column":20},"end":{"line":44,"column":52}},"22":{"start":{"line":45,"column":23},"end":{"line":47,"column":17}},"23":{"start":{"line":46,"column":20},"end":{"line":46,"column":55}},"24":{"start":{"line":48,"column":16},"end":{"line":48,"column":22}},"25":{"start":{"line":50,"column":16},"end":{"line":52,"column":17}},"26":{"start":{"line":51,"column":20},"end":{"line":51,"column":52}},"27":{"start":{"line":53,"column":16},"end":{"line":53,"column":22}},"28":{"start":{"line":55,"column":16},"end":{"line":55,"column":22}},"29":{"start":{"line":57,"column":8},"end":{"line":57,"column":18}},"30":{"start":{"line":60,"column":25},"end":{"line":71,"column":5}},"31":{"start":{"line":61,"column":8},"end":{"line":61,"column":27}},"32":{"start":{"line":63,"column":33},"end":{"line":63,"column":35}},"33":{"start":{"line":65,"column":8},"end":{"line":67,"column":9}},"34":{"start":{"line":66,"column":12},"end":{"line":66,"column":88}},"35":{"start":{"line":69,"column":8},"end":{"line":69,"column":37}},"36":{"start":{"line":70,"column":8},"end":{"line":70,"column":39}},"37":{"start":{"line":75,"column":4},"end":{"line":192,"column":5}},"38":{"start":{"line":91,"column":51},"end":{"line":91,"column":112}},"39":{"start":{"line":103,"column":51},"end":{"line":103,"column":112}},"40":{"start":{"line":115,"column":51},"end":{"line":115,"column":112}},"41":{"start":{"line":127,"column":51},"end":{"line":127,"column":112}},"42":{"start":{"line":139,"column":51},"end":{"line":139,"column":112}},"43":{"start":{"line":150,"column":51},"end":{"line":150,"column":112}},"44":{"start":{"line":160,"column":51},"end":{"line":160,"column":112}}},"fnMap":{"0":{"name":"(anonymous_0)","decl":{"start":{"line":4,"column":18},"end":{"line":4,"column":19}},"loc":{"start":{"line":4,"column":24},"end":{"line":193,"column":1}},"line":4},"1":{"name":"(anonymous_1)","decl":{"start":{"line":17,"column":26},"end":{"line":17,"column":27}},"loc":{"start":{"line":17,"column":48},"end":{"line":58,"column":5}},"line":17},"2":{"name":"(anonymous_2)","decl":{"start":{"line":60,"column":25},"end":{"line":60,"column":26}},"loc":{"start":{"line":60,"column":30},"end":{"line":71,"column":5}},"line":60},"3":{"name":"(anonymous_3)","decl":{"start":{"line":91,"column":46},"end":{"line":91,"column":47}},"loc":{"start":{"line":91,"column":51},"end":{"line":91,"column":112}},"line":91},"4":{"name":"(anonymous_4)","decl":{"start":{"line":103,"column":46},"end":{"line":103,"column":47}},"loc":{"start":{"line":103,"column":51},"end":{"line":103,"column":112}},"line":103},"5":{"name":"(anonymous_5)","decl":{"start":{"line":115,"column":46},"end":{"line":115,"column":47}},"loc":{"start":{"line":115,"column":51},"end":{"line":115,"column":112}},"line":115},"6":{"name":"(anonymous_6)","decl":{"start":{"line":127,"column":46},"end":{"line":127,"column":47}},"loc":{"start":{"line":127,"column":51},"end":{"line":127,"column":112}},"line":127},"7":{"name":"(anonymous_7)","decl":{"start":{"line":139,"column":46},"end":{"line":139,"column":47}},"loc":{"start":{"line":139,"column":51},"end":{"line":139,"column":112}},"line":139},"8":{"name":"(anonymous_8)","decl":{"start":{"line":150,"column":46},"end":{"line":150,"column":47}},"loc":{"start":{"line":150,"column":51},"end":{"line":150,"column":112}},"line":150},"9":{"name":"(anonymous_9)","decl":{"start":{"line":160,"column":46},"end":{"line":160,"column":47}},"loc":{"start":{"line":160,"column":51},"end":{"line":160,"column":112}},"line":160}},"branchMap":{"0":{"loc":{"start":{"line":18,"column":8},"end":{"line":56,"column":9}},"type":"switch","locations":[{"start":{"line":19,"column":12},"end":{"line":26,"column":22}},{"start":{"line":27,"column":12},"end":{"line":34,"column":22}},{"start":{"line":35,"column":12},"end":{"line":41,"column":22}},{"start":{"line":42,"column":12},"end":{"line":48,"column":22}},{"start":{"line":49,"column":12},"end":{"line":53,"column":22}},{"start":{"line":54,"column":12},"end":{"line":55,"column":22}}],"line":18},"1":{"loc":{"start":{"line":20,"column":16},"end":{"line":22,"column":17}},"type":"if","locations":[{"start":{"line":20,"column":16},"end":{"line":22,"column":17}},{"start":{},"end":{}}],"line":20},"2":{"loc":{"start":{"line":23,"column":16},"end":{"line":25,"column":17}},"type":"if","locations":[{"start":{"line":23,"column":16},"end":{"line":25,"column":17}},{"start":{},"end":{}}],"line":23},"3":{"loc":{"start":{"line":28,"column":16},"end":{"line":30,"column":17}},"type":"if","locations":[{"start":{"line":28,"column":16},"end":{"line":30,"column":17}},{"start":{},"end":{}}],"line":28},"4":{"loc":{"start":{"line":31,"column":16},"end":{"line":33,"column":17}},"type":"if","locations":[{"start":{"line":31,"column":16},"end":{"line":33,"column":17}},{"start":{},"end":{}}],"line":31},"5":{"loc":{"start":{"line":36,"column":16},"end":{"line":40,"column":17}},"type":"if","locations":[{"start":{"line":36,"column":16},"end":{"line":40,"column":17}},{"start":{"line":38,"column":23},"end":{"line":40,"column":17}}],"line":36},"6":{"loc":{"start":{"line":38,"column":23},"end":{"line":40,"column":17}},"type":"if","locations":[{"start":{"line":38,"column":23},"end":{"line":40,"column":17}},{"start":{},"end":{}}],"line":38},"7":{"loc":{"start":{"line":43,"column":16},"end":{"line":47,"column":17}},"type":"if","locations":[{"start":{"line":43,"column":16},"end":{"line":47,"column":17}},{"start":{"line":45,"column":23},"end":{"line":47,"column":17}}],"line":43},"8":{"loc":{"start":{"line":45,"column":23},"end":{"line":47,"column":17}},"type":"if","locations":[{"start":{"line":45,"column":23},"end":{"line":47,"column":17}},{"start":{},"end":{}}],"line":45},"9":{"loc":{"start":{"line":50,"column":16},"end":{"line":52,"column":17}},"type":"if","locations":[{"start":{"line":50,"column":16},"end":{"line":52,"column":17}},{"start":{},"end":{}}],"line":50},"10":{"loc":{"start":{"line":93,"column":33},"end":{"line":93,"column":137}},"type":"binary-expr","locations":[{"start":{"line":93,"column":33},"end":{"line":93,"column":53}},{"start":{"line":93,"column":57},"end":{"line":93,"column":137}}],"line":93},"11":{"loc":{"start":{"line":105,"column":33},"end":{"line":105,"column":135}},"type":"binary-expr","locations":[{"start":{"line":105,"column":33},"end":{"line":105,"column":52}},{"start":{"line":105,"column":56},"end":{"line":105,"column":135}}],"line":105},"12":{"loc":{"start":{"line":117,"column":33},"end":{"line":117,"column":141}},"type":"binary-expr","locations":[{"start":{"line":117,"column":33},"end":{"line":117,"column":55}},{"start":{"line":117,"column":59},"end":{"line":117,"column":141}}],"line":117},"13":{"loc":{"start":{"line":129,"column":33},"end":{"line":129,"column":129}},"type":"binary-expr","locations":[{"start":{"line":129,"column":33},"end":{"line":129,"column":49}},{"start":{"line":129,"column":53},"end":{"line":129,"column":129}}],"line":129},"14":{"loc":{"start":{"line":163,"column":33},"end":{"line":163,"column":133}},"type":"binary-expr","locations":[{"start":{"line":163,"column":33},"end":{"line":163,"column":51}},{"start":{"line":163,"column":55},"end":{"line":163,"column":133}}],"line":163}},"s":{"0":1,"1":94,"2":94,"3":94,"4":28,"5":4,"6":3,"7":1,"8":1,"9":0,"10":4,"11":3,"12":1,"13":1,"14":0,"15":4,"16":4,"17":0,"18":0,"19":0,"20":4,"21":3,"22":1,"23":1,"24":0,"25":4,"26":4,"27":0,"28":8,"29":8,"30":94,"31":4,"32":4,"33":4,"34":28,"35":4,"36":4,"37":94,"38":7,"39":11,"40":16,"41":22,"42":5,"43":5,"44":12},"f":{"0":94,"1":28,"2":4,"3":7,"4":11,"5":16,"6":22,"7":5,"8":5,"9":12},"b":{"0":[4,4,4,4,4,8],"1":[3,1],"2":[1,0],"3":[3,1],"4":[1,0],"5":[4,0],"6":[0,0],"7":[3,1],"8":[1,0],"9":[4,0],"10":[94,4],"11":[94,4],"12":[94,4],"13":[94,4],"14":[94,4]},"_coverageSchema":"1a1c01bbd47fc00a2c39e90264f33305004495a9","hash":"f881e2a3d7bd15cfedc785efc031d2720f9232aa"}
,"C:\\Users\\Windows-10C\\Desktop\\STETHO\\my-react-app\\src\\components\\FaqLayout\\FaqLayout.jsx": {"path":"C:\\Users\\Windows-10C\\Desktop\\STETHO\\my-react-app\\src\\components\\FaqLayout\\FaqLayout.jsx","statementMap":{"0":{"start":{"line":8,"column":18},"end":{"line":42,"column":1}},"1":{"start":{"line":9,"column":44},"end":{"line":9,"column":55}},"2":{"start":{"line":10,"column":24},"end":{"line":10,"column":72}},"3":{"start":{"line":10,"column":47},"end":{"line":10,"column":71}},"4":{"start":{"line":12,"column":4},"end":{"line":41,"column":5}},"5":{"start":{"line":18,"column":28},"end":{"line":20,"column":29}},"6":{"start":{"line":19,"column":32},"end":{"line":19,"column":76}},"7":{"start":{"line":22,"column":28},"end":{"line":22,"column":38}},"8":{"start":{"line":24,"column":28},"end":{"line":30,"column":35}},"9":{"start":{"line":27,"column":47},"end":{"line":27,"column":71}}},"fnMap":{"0":{"name":"(anonymous_0)","decl":{"start":{"line":8,"column":18},"end":{"line":8,"column":19}},"loc":{"start":{"line":8,"column":24},"end":{"line":42,"column":1}},"line":8},"1":{"name":"(anonymous_1)","decl":{"start":{"line":10,"column":39},"end":{"line":10,"column":40}},"loc":{"start":{"line":10,"column":47},"end":{"line":10,"column":71}},"line":10},"2":{"name":"(anonymous_2)","decl":{"start":{"line":17,"column":42},"end":{"line":17,"column":43}},"loc":{"start":{"line":17,"column":57},"end":{"line":23,"column":25}},"line":17},"3":{"name":"(anonymous_3)","decl":{"start":{"line":23,"column":35},"end":{"line":23,"column":36}},"loc":{"start":{"line":23,"column":52},"end":{"line":31,"column":25}},"line":23},"4":{"name":"(anonymous_4)","decl":{"start":{"line":27,"column":41},"end":{"line":27,"column":42}},"loc":{"start":{"line":27,"column":47},"end":{"line":27,"column":71}},"line":27}},"branchMap":{"0":{"loc":{"start":{"line":18,"column":28},"end":{"line":20,"column":29}},"type":"if","locations":[{"start":{"line":18,"column":28},"end":{"line":20,"column":29}},{"start":{},"end":{}}],"line":18},"1":{"loc":{"start":{"line":25,"column":46},"end":{"line":25,"column":82}},"type":"binary-expr","locations":[{"start":{"line":25,"column":46},"end":{"line":25,"column":70}},{"start":{"line":25,"column":74},"end":{"line":25,"column":82}}],"line":25}},"s":{"0":1,"1":2,"2":2,"3":3,"4":2,"5":10,"6":10,"7":10,"8":10,"9":1},"f":{"0":2,"1":3,"2":10,"3":10,"4":1},"b":{"0":[10,0],"1":[10,2]},"_coverageSchema":"1a1c01bbd47fc00a2c39e90264f33305004495a9","hash":"095f8d093f082228ed55cfaf31ed55b4bd3e9554"}
}
