TN:
SF:src\data.js
FN:29,(anonymous_0)
FN:32,(anonymous_1)
FN:36,(anonymous_2)
FN:44,(anonymous_3)
FN:47,(anonymous_4)
FN:52,(anonymous_5)
FN:62,delay
FN:63,(anonymous_7)
FN:67,(anonymous_8)
FN:86,(anonymous_9)
FN:95,(anonymous_10)
FN:108,(anonymous_11)
FN:125,(anonymous_12)
FNF:13
FNH:0
FNDA:0,(anonymous_0)
FNDA:0,(anonymous_1)
FNDA:0,(anonymous_2)
FNDA:0,(anonymous_3)
FNDA:0,(anonymous_4)
FNDA:0,(anonymous_5)
FNDA:0,delay
FNDA:0,(anonymous_7)
FNDA:0,(anonymous_8)
FNDA:0,(anonymous_9)
FNDA:0,(anonymous_10)
FNDA:0,(anonymous_11)
FNDA:0,(anonymous_12)
DA:29,1
DA:30,0
DA:31,0
DA:32,0
DA:36,0
DA:38,0
DA:39,0
DA:44,1
DA:45,0
DA:46,0
DA:47,0
DA:52,0
DA:54,0
DA:56,0
DA:57,0
DA:63,0
DA:67,1
DA:68,0
DA:69,0
DA:70,0
DA:72,0
DA:73,0
DA:78,0
DA:81,0
DA:86,1
DA:87,0
DA:88,0
DA:91,0
DA:92,0
DA:95,0
DA:96,0
DA:97,0
DA:98,0
DA:101,0
DA:104,0
DA:108,1
DA:109,0
DA:111,0
DA:112,0
DA:115,0
DA:116,0
DA:117,0
DA:119,0
DA:121,0
DA:122,0
DA:125,0
DA:127,0
DA:128,0
DA:131,0
DA:137,1
DA:139,1
DA:141,1
DA:143,1
DA:187,1
DA:202,1
DA:250,1
DA:283,1
DA:307,1
DA:337,1
DA:347,1
DA:368,1
DA:401,1
DA:417,1
DA:450,1
LF:64
LH:20
BRDA:36,0,0,0
BRDA:36,0,1,0
BRDA:72,1,0,0
BRDA:72,1,1,0
BRDA:87,2,0,0
BRDA:87,2,1,0
BRDA:91,3,0,0
BRDA:91,3,1,0
BRDA:91,4,0,0
BRDA:91,4,1,0
BRDA:96,5,0,0
BRDA:96,5,1,0
BRDA:97,6,0,0
BRDA:97,6,1,0
BRDA:111,7,0,0
BRDA:111,7,1,0
BRDA:121,8,0,0
BRDA:121,8,1,0
BRDA:127,9,0,0
BRDA:127,9,1,0
BRF:20
BRH:0
end_of_record
TN:
SF:src\common\Accordion\Accordion.jsx
FN:5,(anonymous_0)
FN:10,(anonymous_1)
FNF:2
FNH:2
FNDA:2,(anonymous_0)
FNDA:6,(anonymous_1)
DA:5,1
DA:7,2
DA:11,6
LF:3
LH:3
BRF:0
BRH:0
end_of_record
TN:
SF:src\common\Accordion\AccordionItem.jsx
FN:3,(anonymous_0)
FN:8,(anonymous_1)
FN:8,(anonymous_2)
FN:14,(anonymous_3)
FNF:4
FNH:4
FNDA:10,(anonymous_0)
FNDA:2,(anonymous_1)
FNDA:2,(anonymous_2)
FNDA:44,(anonymous_3)
DA:3,2
DA:4,10
DA:6,10
DA:8,2
DA:15,44
LF:5
LH:5
BRDA:7,0,0,10
BRDA:7,0,1,1
BRDA:10,1,0,1
BRDA:10,1,1,9
BRF:4
BRH:4
end_of_record
TN:
SF:src\common\HeaderLayout\HeaderLayout.jsx
FN:5,(anonymous_0)
FNF:1
FNH:1
FNDA:3,(anonymous_0)
DA:5,1
DA:6,3
DA:7,3
DA:9,3
DA:10,2
DA:12,3
LF:6
LH:6
BRDA:9,0,0,1
BRDA:9,0,1,2
BRDA:10,1,0,1
BRDA:10,1,1,1
BRF:4
BRH:4
end_of_record
TN:
SF:src\common\HelpBlock\HelpBlock.jsx
FN:5,(anonymous_0)
FNF:1
FNH:1
FNDA:2,(anonymous_0)
DA:5,1
DA:6,2
LF:2
LH:2
BRF:0
BRH:0
end_of_record
TN:
SF:src\components\ContactUs\ContactUs.jsx
FN:4,(anonymous_0)
FN:17,(anonymous_1)
FN:60,(anonymous_2)
FN:91,(anonymous_3)
FN:103,(anonymous_4)
FN:115,(anonymous_5)
FN:127,(anonymous_6)
FN:139,(anonymous_7)
FN:150,(anonymous_8)
FN:160,(anonymous_9)
FNF:10
FNH:10
FNDA:94,(anonymous_0)
FNDA:28,(anonymous_1)
FNDA:4,(anonymous_2)
FNDA:7,(anonymous_3)
FNDA:11,(anonymous_4)
FNDA:16,(anonymous_5)
FNDA:22,(anonymous_6)
FNDA:5,(anonymous_7)
FNDA:5,(anonymous_8)
FNDA:12,(anonymous_9)
DA:4,1
DA:5,94
DA:15,94
DA:17,94
DA:18,28
DA:20,4
DA:21,3
DA:23,1
DA:24,1
DA:26,0
DA:28,4
DA:29,3
DA:31,1
DA:32,1
DA:34,0
DA:36,4
DA:37,4
DA:38,0
DA:39,0
DA:41,0
DA:43,4
DA:44,3
DA:45,1
DA:46,1
DA:48,0
DA:50,4
DA:51,4
DA:53,0
DA:55,8
DA:57,8
DA:60,94
DA:61,4
DA:63,4
DA:65,4
DA:66,28
DA:69,4
DA:70,4
DA:75,94
DA:91,7
DA:103,11
DA:115,16
DA:127,22
DA:139,5
DA:150,5
DA:160,12
LF:45
LH:38
BRDA:18,0,0,4
BRDA:18,0,1,4
BRDA:18,0,2,4
BRDA:18,0,3,4
BRDA:18,0,4,4
BRDA:18,0,5,8
BRDA:20,1,0,3
BRDA:20,1,1,1
BRDA:23,2,0,1
BRDA:23,2,1,0
BRDA:28,3,0,3
BRDA:28,3,1,1
BRDA:31,4,0,1
BRDA:31,4,1,0
BRDA:36,5,0,4
BRDA:36,5,1,0
BRDA:38,6,0,0
BRDA:38,6,1,0
BRDA:43,7,0,3
BRDA:43,7,1,1
BRDA:45,8,0,1
BRDA:45,8,1,0
BRDA:50,9,0,4
BRDA:50,9,1,0
BRDA:93,10,0,94
BRDA:93,10,1,4
BRDA:105,11,0,94
BRDA:105,11,1,4
BRDA:117,12,0,94
BRDA:117,12,1,4
BRDA:129,13,0,94
BRDA:129,13,1,4
BRDA:163,14,0,94
BRDA:163,14,1,4
BRF:34
BRH:27
end_of_record
TN:
SF:src\components\FaqLayout\FaqLayout.jsx
FN:8,(anonymous_0)
FN:10,(anonymous_1)
FN:17,(anonymous_2)
FN:23,(anonymous_3)
FN:27,(anonymous_4)
FNF:5
FNH:5
FNDA:2,(anonymous_0)
FNDA:3,(anonymous_1)
FNDA:10,(anonymous_2)
FNDA:10,(anonymous_3)
FNDA:1,(anonymous_4)
DA:8,1
DA:9,2
DA:10,3
DA:12,2
DA:18,10
DA:19,10
DA:22,10
DA:24,10
DA:27,1
LF:9
LH:9
BRDA:18,0,0,10
BRDA:18,0,1,0
BRDA:25,1,0,10
BRDA:25,1,1,2
BRF:4
BRH:3
end_of_record
